TN:
SF:src/components/Cart.jsx
FN:1,Cart
FN:10,(anonymous_1)
FN:39,(anonymous_2)
FNF:3
FNH:3
FNDA:11,Cart
FNDA:5,(anonymous_1)
FNDA:5,(anonymous_2)
DA:8,11
DA:12,5
DA:21,11
DA:41,5
LF:4
LH:4
BRDA:31,0,0,8
BRDA:31,0,1,3
BRF:2
BRH:2
end_of_record
TN:
SF:src/components/ProductCard.jsx
FN:1,ProductCard
FN:24,(anonymous_1)
FNF:2
FNH:2
FNDA:12,ProductCard
FNDA:2,(anonymous_1)
DA:2,12
DA:24,2
LF:2
LH:2
BRDA:27,0,0,11
BRDA:27,0,1,1
BRDA:32,1,0,11
BRDA:32,1,1,1
BRF:4
BRH:4
end_of_record
TN:
SF:src/components/SearchBar.jsx
FN:1,SearchBar
FN:11,(anonymous_1)
FNF:2
FNH:2
FNDA:9,SearchBar
FNDA:2,(anonymous_1)
DA:6,9
DA:12,2
LF:2
LH:2
BRF:0
BRH:0
end_of_record
TN:
SF:src/pages/Products.jsx
FN:8,Products
FN:14,(anonymous_1)
FN:29,(anonymous_2)
FN:30,(anonymous_3)
FN:38,(anonymous_4)
FN:48,(anonymous_5)
FN:51,(anonymous_6)
FN:57,(anonymous_7)
FN:82,(anonymous_8)
FN:84,(anonymous_9)
FN:114,(anonymous_10)
FN:125,(anonymous_11)
FN:136,(anonymous_12)
FN:162,(anonymous_13)
FN:225,(anonymous_14)
FNF:15
FNH:10
FNDA:8,Products
FNDA:3,(anonymous_1)
FNDA:3,(anonymous_2)
FNDA:3,(anonymous_3)
FNDA:1,(anonymous_4)
FNDA:1,(anonymous_5)
FNDA:0,(anonymous_6)
FNDA:0,(anonymous_7)
FNDA:1,(anonymous_8)
FNDA:2,(anonymous_9)
FNDA:0,(anonymous_10)
FNDA:0,(anonymous_11)
FNDA:0,(anonymous_12)
FNDA:10,(anonymous_13)
FNDA:9,(anonymous_14)
DA:10,8
DA:11,8
DA:12,8
DA:14,8
DA:16,3
DA:18,3
DA:20,3
DA:24,0
DA:29,8
DA:30,3
DA:31,3
DA:34,3
DA:38,8
DA:40,1
DA:42,0
DA:44,0
DA:48,1
DA:50,1
DA:51,0
DA:55,1
DA:57,0
DA:59,0
DA:72,1
DA:82,1
DA:84,1
DA:86,2
DA:98,1
DA:100,1
DA:109,0
DA:114,8
DA:116,0
DA:118,0
DA:120,0
DA:123,0
DA:127,0
DA:136,0
DA:138,0
DA:146,0
DA:157,0
DA:161,8
DA:164,10
DA:169,8
DA:227,9
LF:43
LH:27
BRDA:40,0,0,0
BRDA:40,0,1,1
BRDA:55,1,0,0
BRDA:55,1,1,1
BRDA:59,2,0,0
BRDA:59,2,1,0
BRDA:86,3,0,1
BRDA:86,3,1,1
BRDA:116,4,0,0
BRDA:116,4,1,0
BRF:10
BRH:4
end_of_record
TN:
SF:src/services/api.js
FNF:0
FNH:0
DA:3,1
LF:1
LH:1
BRF:0
BRH:0
end_of_record
