<?xml version="1.0" encoding="UTF-8"?>
<coverage generated="1779044689573" clover="3.2.0">
  <project timestamp="1779044689573" name="All files">
    <metrics statements="103" coveredstatements="63" conditionals="58" coveredconditionals="25" methods="36" coveredmethods="26" elements="197" coveredelements="114" complexity="0" loc="103" ncloc="103" packages="3" files="5" classes="5"/>
    <package name="components">
      <metrics statements="17" coveredstatements="17" conditionals="8" coveredconditionals="8" methods="10" coveredmethods="10"/>
      <file name="Cart.jsx" path="/home/philip-simiyu/Desktop/School/fineday-shop/src/components/Cart.jsx">
        <metrics statements="11" coveredstatements="11" conditionals="4" coveredconditionals="4" methods="6" coveredmethods="6"/>
        <line num="9" count="16" type="stmt"/>
        <line num="13" count="8" type="stmt"/>
        <line num="22" count="16" type="stmt"/>
        <line num="33" count="8" type="stmt"/>
        <line num="48" count="8" type="stmt"/>
        <line num="60" count="2" type="stmt"/>
        <line num="61" count="2" type="stmt"/>
        <line num="62" count="2" type="stmt"/>
        <line num="112" count="1" type="stmt"/>
        <line num="113" count="1" type="stmt"/>
        <line num="114" count="1" type="stmt"/>
      </file>
      <file name="ProductCard.jsx" path="/home/philip-simiyu/Desktop/School/fineday-shop/src/components/ProductCard.jsx">
        <metrics statements="4" coveredstatements="4" conditionals="4" coveredconditionals="4" methods="2" coveredmethods="2"/>
        <line num="2" count="18" type="stmt"/>
        <line num="59" count="3" type="stmt"/>
        <line num="60" count="3" type="stmt"/>
        <line num="61" count="3" type="stmt"/>
      </file>
      <file name="SearchBar.jsx" path="/home/philip-simiyu/Desktop/School/fineday-shop/src/components/SearchBar.jsx">
        <metrics statements="2" coveredstatements="2" conditionals="0" coveredconditionals="0" methods="2" coveredmethods="2"/>
        <line num="6" count="13" type="stmt"/>
        <line num="12" count="2" type="stmt"/>
      </file>
    </package>
    <package name="pages">
      <metrics statements="84" coveredstatements="44" conditionals="42" coveredconditionals="14" methods="26" coveredmethods="16"/>
      <file name="Products.jsx" path="/home/philip-simiyu/Desktop/School/fineday-shop/src/pages/Products.jsx">
        <metrics statements="84" coveredstatements="44" conditionals="42" coveredconditionals="14" methods="26" coveredmethods="16"/>
        <line num="10" count="12" type="stmt"/>
        <line num="11" count="12" type="stmt"/>
        <line num="12" count="12" type="stmt"/>
        <line num="13" count="12" type="stmt"/>
        <line num="14" count="12" type="stmt"/>
        <line num="15" count="12" type="stmt"/>
        <line num="16" count="12" type="stmt"/>
        <line num="19" count="12" type="cond" truecount="2" falsecount="0"/>
        <line num="23" count="12" type="stmt"/>
        <line num="25" count="4" type="cond" truecount="1" falsecount="1"/>
        <line num="26" count="0" type="stmt"/>
        <line num="27" count="0" type="stmt"/>
        <line num="31" count="4" type="stmt"/>
        <line num="32" count="4" type="stmt"/>
        <line num="33" count="4" type="stmt"/>
        <line num="35" count="0" type="stmt"/>
        <line num="36" count="0" type="stmt"/>
        <line num="40" count="12" type="stmt"/>
        <line num="41" count="4" type="stmt"/>
        <line num="45" count="12" type="stmt"/>
        <line num="46" count="2" type="cond" truecount="1" falsecount="1"/>
        <line num="47" count="0" type="stmt"/>
        <line num="48" count="0" type="stmt"/>
        <line num="52" count="2" type="stmt"/>
        <line num="53" count="2" type="stmt"/>
        <line num="54" count="2" type="cond" truecount="1" falsecount="1"/>
        <line num="55" count="0" type="stmt"/>
        <line num="56" count="0" type="cond" truecount="0" falsecount="2"/>
        <line num="61" count="2" type="stmt"/>
        <line num="65" count="2" type="stmt"/>
        <line num="66" count="2" type="stmt"/>
        <line num="67" count="4" type="cond" truecount="2" falsecount="0"/>
        <line num="72" count="2" type="cond" truecount="1" falsecount="1"/>
        <line num="73" count="2" type="stmt"/>
        <line num="74" count="2" type="stmt"/>
        <line num="78" count="0" type="stmt"/>
        <line num="84" count="12" type="stmt"/>
        <line num="85" count="1" type="stmt"/>
        <line num="86" count="1" type="cond" truecount="1" falsecount="1"/>
        <line num="88" count="1" type="stmt"/>
        <line num="90" count="1" type="stmt"/>
        <line num="91" count="1" type="stmt"/>
        <line num="92" count="2" type="cond" truecount="2" falsecount="0"/>
        <line num="99" count="1" type="cond" truecount="1" falsecount="1"/>
        <line num="100" count="1" type="stmt"/>
        <line num="101" count="1" type="stmt"/>
        <line num="102" count="1" type="stmt"/>
        <line num="106" count="0" type="stmt"/>
        <line num="112" count="12" type="stmt"/>
        <line num="113" count="0" type="cond" truecount="0" falsecount="2"/>
        <line num="114" count="0" type="stmt"/>
        <line num="117" count="0" type="cond" truecount="0" falsecount="2"/>
        <line num="118" count="0" type="stmt"/>
        <line num="119" count="0" type="stmt"/>
        <line num="122" count="0" type="stmt"/>
        <line num="123" count="0" type="stmt"/>
        <line num="125" count="0" type="stmt"/>
        <line num="126" count="0" type="stmt"/>
        <line num="129" count="0" type="stmt"/>
        <line num="130" count="0" type="stmt"/>
        <line num="131" count="0" type="stmt"/>
        <line num="132" count="0" type="stmt"/>
        <line num="135" count="12" type="stmt"/>
        <line num="136" count="0" type="cond" truecount="0" falsecount="2"/>
        <line num="138" count="0" type="cond" truecount="0" falsecount="2"/>
        <line num="139" count="0" type="stmt"/>
        <line num="140" count="0" type="cond" truecount="0" falsecount="4"/>
        <line num="141" count="0" type="stmt"/>
        <line num="142" count="0" type="stmt"/>
        <line num="146" count="0" type="stmt"/>
        <line num="147" count="0" type="stmt"/>
        <line num="148" count="0" type="stmt"/>
        <line num="149" count="0" type="stmt"/>
        <line num="150" count="0" type="stmt"/>
        <line num="154" count="12" type="stmt"/>
        <line num="155" count="16" type="stmt"/>
        <line num="158" count="12" type="stmt"/>
        <line num="183" count="15" type="stmt"/>
        <line num="213" count="0" type="stmt"/>
        <line num="214" count="0" type="stmt"/>
        <line num="227" count="0" type="stmt"/>
        <line num="228" count="0" type="stmt"/>
        <line num="242" count="0" type="stmt"/>
        <line num="243" count="0" type="stmt"/>
      </file>
    </package>
    <package name="services">
      <metrics statements="2" coveredstatements="2" conditionals="8" coveredconditionals="3" methods="0" coveredmethods="0"/>
      <file name="api.js" path="/home/philip-simiyu/Desktop/School/fineday-shop/src/services/api.js">
        <metrics statements="2" coveredstatements="2" conditionals="8" coveredconditionals="3" methods="0" coveredmethods="0"/>
        <line num="4" count="1" type="cond" truecount="2" falsecount="4"/>
        <line num="8" count="1" type="stmt"/>
      </file>
    </package>
  </project>
</coverage>
