<?xml version="1.0" encoding="UTF-8"?>
<coverage generated="1779046960450" clover="3.2.0">
  <project timestamp="1779046960450" name="All files">
    <metrics statements="17" coveredstatements="17" conditionals="8" coveredconditionals="8" methods="10" coveredmethods="10" elements="35" coveredelements="35" complexity="0" loc="17" ncloc="17" packages="1" files="3" classes="3"/>
    <file name="Cart.jsx" path="/home/philip-simiyu/Desktop/School/fineday-shop/src/components/Cart.jsx">
      <metrics statements="11" coveredstatements="11" conditionals="4" coveredconditionals="4" methods="6" coveredmethods="6"/>
      <line num="9" count="4" type="stmt"/>
      <line num="13" count="6" type="stmt"/>
      <line num="22" count="4" type="stmt"/>
      <line num="33" count="6" type="stmt"/>
      <line num="48" count="6" type="stmt"/>
      <line num="60" count="1" type="stmt"/>
      <line num="61" count="1" type="stmt"/>
      <line num="62" count="1" type="stmt"/>
      <line num="112" count="1" type="stmt"/>
      <line num="113" count="1" type="stmt"/>
      <line num="114" count="1" type="stmt"/>
    </file>
    <file name="ProductCard.jsx" path="/home/philip-simiyu/Desktop/School/fineday-shop/src/components/ProductCard.jsx">
      <metrics statements="4" coveredstatements="4" conditionals="4" coveredconditionals="4" methods="2" coveredmethods="2"/>
      <line num="2" count="3" type="stmt"/>
      <line num="59" count="1" type="stmt"/>
      <line num="60" count="1" type="stmt"/>
      <line num="61" count="1" type="stmt"/>
    </file>
    <file name="SearchBar.jsx" path="/home/philip-simiyu/Desktop/School/fineday-shop/src/components/SearchBar.jsx">
      <metrics statements="2" coveredstatements="2" conditionals="0" coveredconditionals="0" methods="2" coveredmethods="2"/>
      <line num="6" count="1" type="stmt"/>
      <line num="12" count="1" type="stmt"/>
    </file>
  </project>
</coverage>
