{"/home/philip-simiyu/Desktop/School/fineday-shop/src/components/Cart.jsx": {"path":"/home/philip-simiyu/Desktop/School/fineday-shop/src/components/Cart.jsx","statementMap":{"0":{"start":{"line":9,"column":4},"end":{"line":20,"column":5}},"1":{"start":{"line":13,"column":8},"end":{"line":17,"column":9}},"2":{"start":{"line":22,"column":2},"end":{"line":122,"column":4}},"3":{"start":{"line":33,"column":51},"end":{"line":33,"column":74}},"4":{"start":{"line":48,"column":10},"end":{"line":95,"column":16}},"5":{"start":{"line":60,"column":18},"end":{"line":60,"column":41}},"6":{"start":{"line":61,"column":18},"end":{"line":61,"column":42}},"7":{"start":{"line":62,"column":18},"end":{"line":62,"column":42}},"8":{"start":{"line":112,"column":10},"end":{"line":112,"column":33}},"9":{"start":{"line":113,"column":10},"end":{"line":113,"column":34}},"10":{"start":{"line":114,"column":10},"end":{"line":114,"column":27}}},"fnMap":{"0":{"name":"Cart","decl":{"start":{"line":1,"column":9},"end":{"line":1,"column":13}},"loc":{"start":{"line":5,"column":3},"end":{"line":123,"column":1}},"line":5},"1":{"name":"(anonymous_1)","decl":{"start":{"line":11,"column":6},"end":{"line":11,"column":7}},"loc":{"start":{"line":13,"column":8},"end":{"line":17,"column":9}},"line":13},"2":{"name":"(anonymous_2)","decl":{"start":{"line":33,"column":36},"end":{"line":33,"column":37}},"loc":{"start":{"line":33,"column":51},"end":{"line":33,"column":74}},"line":33},"3":{"name":"(anonymous_3)","decl":{"start":{"line":46,"column":17},"end":{"line":46,"column":18}},"loc":{"start":{"line":48,"column":10},"end":{"line":95,"column":16}},"line":48},"4":{"name":"(anonymous_4)","decl":{"start":{"line":59,"column":25},"end":{"line":59,"column":26}},"loc":{"start":{"line":59,"column":36},"end":{"line":63,"column":17}},"line":59},"5":{"name":"(anonymous_5)","decl":{"start":{"line":111,"column":17},"end":{"line":111,"column":18}},"loc":{"start":{"line":111,"column":28},"end":{"line":115,"column":9}},"line":111}},"branchMap":{"0":{"loc":{"start":{"line":31,"column":7},"end":{"line":35,"column":7}},"type":"binary-expr","locations":[{"start":{"line":31,"column":7},"end":{"line":31,"column":22}},{"start":{"line":32,"column":8},"end":{"line":34,"column":12}}],"line":31},"1":{"loc":{"start":{"line":38,"column":7},"end":{"line":97,"column":7}},"type":"cond-expr","locations":[{"start":{"line":40,"column":8},"end":{"line":42,"column":12}},{"start":{"line":46,"column":8},"end":{"line":96,"column":10}}],"line":38}},"s":{"0":16,"1":8,"2":16,"3":8,"4":8,"5":2,"6":2,"7":2,"8":1,"9":1,"10":1},"f":{"0":16,"1":8,"2":8,"3":8,"4":2,"5":1},"b":{"0":[16,5],"1":[11,5]},"_coverageSchema":"1a1c01bbd47fc00a2c39e90264f33305004495a9","hash":"a1b811052a68dcc6a88f1c7fd7900cccf7da7827"}
,"/home/philip-simiyu/Desktop/School/fineday-shop/src/components/ProductCard.jsx": {"path":"/home/philip-simiyu/Desktop/School/fineday-shop/src/components/ProductCard.jsx","statementMap":{"0":{"start":{"line":2,"column":1},"end":{"line":78,"column":2}},"1":{"start":{"line":59,"column":10},"end":{"line":59,"column":33}},"2":{"start":{"line":60,"column":10},"end":{"line":60,"column":34}},"3":{"start":{"line":61,"column":10},"end":{"line":61,"column":29}}},"fnMap":{"0":{"name":"ProductCard","decl":{"start":{"line":1,"column":9},"end":{"line":1,"column":20}},"loc":{"start":{"line":1,"column":45},"end":{"line":79,"column":1}},"line":1},"1":{"name":"(anonymous_1)","decl":{"start":{"line":58,"column":17},"end":{"line":58,"column":18}},"loc":{"start":{"line":58,"column":28},"end":{"line":62,"column":9}},"line":58}},"branchMap":{"0":{"loc":{"start":{"line":65,"column":10},"end":{"line":67,"column":46}},"type":"cond-expr","locations":[{"start":{"line":66,"column":14},"end":{"line":66,"column":63}},{"start":{"line":67,"column":14},"end":{"line":67,"column":46}}],"line":65},"1":{"loc":{"start":{"line":70,"column":9},"end":{"line":72,"column":26}},"type":"cond-expr","locations":[{"start":{"line":71,"column":12},"end":{"line":71,"column":25}},{"start":{"line":72,"column":12},"end":{"line":72,"column":26}}],"line":70}},"s":{"0":18,"1":3,"2":3,"3":3},"f":{"0":18,"1":3},"b":{"0":[17,1],"1":[17,1]},"_coverageSchema":"1a1c01bbd47fc00a2c39e90264f33305004495a9","hash":"bba8df1d8430e10bf865d1128637fe06f5c80033"}
,"/home/philip-simiyu/Desktop/School/fineday-shop/src/components/SearchBar.jsx": {"path":"/home/philip-simiyu/Desktop/School/fineday-shop/src/components/SearchBar.jsx","statementMap":{"0":{"start":{"line":6,"column":2},"end":{"line":16,"column":4}},"1":{"start":{"line":12,"column":8},"end":{"line":12,"column":33}}},"fnMap":{"0":{"name":"SearchBar","decl":{"start":{"line":1,"column":9},"end":{"line":1,"column":18}},"loc":{"start":{"line":4,"column":3},"end":{"line":17,"column":1}},"line":4},"1":{"name":"(anonymous_1)","decl":{"start":{"line":11,"column":16},"end":{"line":11,"column":17}},"loc":{"start":{"line":12,"column":8},"end":{"line":12,"column":33}},"line":12}},"branchMap":{},"s":{"0":13,"1":2},"f":{"0":13,"1":2},"b":{},"_coverageSchema":"1a1c01bbd47fc00a2c39e90264f33305004495a9","hash":"df72cfcd86e3966a667dce14a4df5dc35f6ea836"}
,"/home/philip-simiyu/Desktop/School/fineday-shop/src/pages/Products.jsx": {"path":"/home/philip-simiyu/Desktop/School/fineday-shop/src/pages/Products.jsx","statementMap":{"0":{"start":{"line":10,"column":17},"end":{"line":21,"column":1}},"1":{"start":{"line":11,"column":2},"end":{"line":13,"column":3}},"2":{"start":{"line":12,"column":4},"end":{"line":12,"column":16}},"3":{"start":{"line":14,"column":2},"end":{"line":19,"column":3}},"4":{"start":{"line":15,"column":17},"end":{"line":15,"column":52}},"5":{"start":{"line":16,"column":4},"end":{"line":18,"column":5}},"6":{"start":{"line":17,"column":6},"end":{"line":17,"column":18}},"7":{"start":{"line":20,"column":2},"end":{"line":20,"column":15}},"8":{"start":{"line":23,"column":14},"end":{"line":23,"column":24}},"9":{"start":{"line":26,"column":34},"end":{"line":26,"column":46}},"10":{"start":{"line":27,"column":26},"end":{"line":27,"column":38}},"11":{"start":{"line":28,"column":30},"end":{"line":28,"column":42}},"12":{"start":{"line":29,"column":32},"end":{"line":29,"column":46}},"13":{"start":{"line":30,"column":44},"end":{"line":30,"column":61}},"14":{"start":{"line":31,"column":38},"end":{"line":31,"column":50}},"15":{"start":{"line":32,"column":42},"end":{"line":32,"column":54}},"16":{"start":{"line":35,"column":24},"end":{"line":52,"column":3}},"17":{"start":{"line":37,"column":4},"end":{"line":40,"column":5}},"18":{"start":{"line":38,"column":6},"end":{"line":38,"column":37}},"19":{"start":{"line":39,"column":6},"end":{"line":39,"column":13}},"20":{"start":{"line":43,"column":4},"end":{"line":51,"column":5}},"21":{"start":{"line":44,"column":23},"end":{"line":44,"column":49}},"22":{"start":{"line":45,"column":6},"end":{"line":45,"column":33}},"23":{"start":{"line":47,"column":6},"end":{"line":49,"column":8}},"24":{"start":{"line":50,"column":6},"end":{"line":50,"column":37}},"25":{"start":{"line":54,"column":2},"end":{"line":56,"column":9}},"26":{"start":{"line":55,"column":4},"end":{"line":55,"column":20}},"27":{"start":{"line":59,"column":20},"end":{"line":97,"column":3}},"28":{"start":{"line":60,"column":4},"end":{"line":63,"column":5}},"29":{"start":{"line":61,"column":6},"end":{"line":61,"column":28}},"30":{"start":{"line":62,"column":6},"end":{"line":62,"column":13}},"31":{"start":{"line":66,"column":4},"end":{"line":76,"column":7}},"32":{"start":{"line":67,"column":27},"end":{"line":67,"column":74}},"33":{"start":{"line":67,"column":51},"end":{"line":67,"column":73}},"34":{"start":{"line":68,"column":6},"end":{"line":74,"column":7}},"35":{"start":{"line":69,"column":8},"end":{"line":73,"column":10}},"36":{"start":{"line":70,"column":10},"end":{"line":72,"column":18}},"37":{"start":{"line":75,"column":6},"end":{"line":75,"column":60}},"38":{"start":{"line":79,"column":4},"end":{"line":85,"column":6}},"39":{"start":{"line":80,"column":6},"end":{"line":84,"column":7}},"40":{"start":{"line":81,"column":8},"end":{"line":83,"column":16}},"41":{"start":{"line":88,"column":4},"end":{"line":88,"column":23}},"42":{"start":{"line":88,"column":16},"end":{"line":88,"column":23}},"43":{"start":{"line":90,"column":4},"end":{"line":96,"column":5}},"44":{"start":{"line":91,"column":6},"end":{"line":93,"column":9}},"45":{"start":{"line":95,"column":6},"end":{"line":95,"column":57}},"46":{"start":{"line":100,"column":25},"end":{"line":125,"column":3}},"47":{"start":{"line":101,"column":25},"end":{"line":101,"column":67}},"48":{"start":{"line":101,"column":45},"end":{"line":101,"column":66}},"49":{"start":{"line":102,"column":4},"end":{"line":102,"column":30}},"50":{"start":{"line":102,"column":23},"end":{"line":102,"column":30}},"51":{"start":{"line":104,"column":4},"end":{"line":104,"column":76}},"52":{"start":{"line":104,"column":26},"end":{"line":104,"column":74}},"53":{"start":{"line":104,"column":52},"end":{"line":104,"column":73}},"54":{"start":{"line":106,"column":4},"end":{"line":112,"column":6}},"55":{"start":{"line":107,"column":6},"end":{"line":111,"column":7}},"56":{"start":{"line":108,"column":8},"end":{"line":110,"column":16}},"57":{"start":{"line":115,"column":4},"end":{"line":115,"column":23}},"58":{"start":{"line":115,"column":16},"end":{"line":115,"column":23}},"59":{"start":{"line":117,"column":4},"end":{"line":124,"column":5}},"60":{"start":{"line":118,"column":29},"end":{"line":118,"column":75}},"61":{"start":{"line":118,"column":53},"end":{"line":118,"column":74}},"62":{"start":{"line":119,"column":6},"end":{"line":121,"column":9}},"63":{"start":{"line":123,"column":6},"end":{"line":123,"column":57}},"64":{"start":{"line":128,"column":20},"end":{"line":155,"column":3}},"65":{"start":{"line":129,"column":4},"end":{"line":131,"column":5}},"66":{"start":{"line":130,"column":6},"end":{"line":130,"column":29}},"67":{"start":{"line":133,"column":4},"end":{"line":136,"column":5}},"68":{"start":{"line":134,"column":6},"end":{"line":134,"column":29}},"69":{"start":{"line":135,"column":6},"end":{"line":135,"column":13}},"70":{"start":{"line":138,"column":18},"end":{"line":141,"column":5}},"71":{"start":{"line":139,"column":21},"end":{"line":139,"column":57}},"72":{"start":{"line":142,"column":23},"end":{"line":142,"column":77}},"73":{"start":{"line":142,"column":50},"end":{"line":142,"column":73}},"74":{"start":{"line":144,"column":18},"end":{"line":149,"column":17}},"75":{"start":{"line":147,"column":10},"end":{"line":147,"column":88}},"76":{"start":{"line":151,"column":4},"end":{"line":151,"column":30}},"77":{"start":{"line":152,"column":4},"end":{"line":152,"column":22}},"78":{"start":{"line":153,"column":4},"end":{"line":153,"column":24}},"79":{"start":{"line":154,"column":4},"end":{"line":154,"column":45}},"80":{"start":{"line":157,"column":33},"end":{"line":173,"column":3}},"81":{"start":{"line":158,"column":4},"end":{"line":158,"column":25}},"82":{"start":{"line":158,"column":18},"end":{"line":158,"column":25}},"83":{"start":{"line":160,"column":4},"end":{"line":166,"column":5}},"84":{"start":{"line":161,"column":19},"end":{"line":161,"column":37}},"85":{"start":{"line":162,"column":6},"end":{"line":165,"column":7}},"86":{"start":{"line":163,"column":8},"end":{"line":163,"column":79}},"87":{"start":{"line":164,"column":8},"end":{"line":164,"column":15}},"88":{"start":{"line":168,"column":4},"end":{"line":168,"column":21}},"89":{"start":{"line":169,"column":4},"end":{"line":169,"column":16}},"90":{"start":{"line":170,"column":4},"end":{"line":170,"column":22}},"91":{"start":{"line":171,"column":4},"end":{"line":171,"column":24}},"92":{"start":{"line":172,"column":4},"end":{"line":172,"column":61}},"93":{"start":{"line":176,"column":27},"end":{"line":178,"column":3}},"94":{"start":{"line":177,"column":4},"end":{"line":177,"column":61}},"95":{"start":{"line":180,"column":2},"end":{"line":308,"column":4}},"96":{"start":{"line":208,"column":16},"end":{"line":212,"column":18}},"97":{"start":{"line":248,"column":20},"end":{"line":248,"column":46}},"98":{"start":{"line":249,"column":20},"end":{"line":249,"column":40}},"99":{"start":{"line":262,"column":20},"end":{"line":262,"column":45}},"100":{"start":{"line":263,"column":20},"end":{"line":263,"column":40}},"101":{"start":{"line":279,"column":22},"end":{"line":279,"column":52}},"102":{"start":{"line":280,"column":22},"end":{"line":280,"column":42}}},"fnMap":{"0":{"name":"(anonymous_0)","decl":{"start":{"line":10,"column":17},"end":{"line":10,"column":18}},"loc":{"start":{"line":10,"column":23},"end":{"line":21,"column":1}},"line":10},"1":{"name":"Products","decl":{"start":{"line":25,"column":9},"end":{"line":25,"column":17}},"loc":{"start":{"line":25,"column":20},"end":{"line":309,"column":1}},"line":25},"2":{"name":"(anonymous_2)","decl":{"start":{"line":35,"column":24},"end":{"line":35,"column":25}},"loc":{"start":{"line":35,"column":36},"end":{"line":52,"column":3}},"line":35},"3":{"name":"(anonymous_3)","decl":{"start":{"line":54,"column":12},"end":{"line":54,"column":13}},"loc":{"start":{"line":54,"column":18},"end":{"line":56,"column":3}},"line":54},"4":{"name":"(anonymous_4)","decl":{"start":{"line":59,"column":20},"end":{"line":59,"column":21}},"loc":{"start":{"line":59,"column":39},"end":{"line":97,"column":3}},"line":59},"5":{"name":"(anonymous_5)","decl":{"start":{"line":66,"column":12},"end":{"line":66,"column":13}},"loc":{"start":{"line":66,"column":26},"end":{"line":76,"column":5}},"line":66},"6":{"name":"(anonymous_6)","decl":{"start":{"line":67,"column":41},"end":{"line":67,"column":42}},"loc":{"start":{"line":67,"column":51},"end":{"line":67,"column":73}},"line":67},"7":{"name":"(anonymous_7)","decl":{"start":{"line":69,"column":28},"end":{"line":69,"column":29}},"loc":{"start":{"line":70,"column":10},"end":{"line":72,"column":18}},"line":70},"8":{"name":"(anonymous_8)","decl":{"start":{"line":79,"column":16},"end":{"line":79,"column":17}},"loc":{"start":{"line":80,"column":6},"end":{"line":84,"column":7}},"line":80},"9":{"name":"(anonymous_9)","decl":{"start":{"line":80,"column":23},"end":{"line":80,"column":24}},"loc":{"start":{"line":81,"column":8},"end":{"line":83,"column":16}},"line":81},"10":{"name":"(anonymous_10)","decl":{"start":{"line":100,"column":25},"end":{"line":100,"column":26}},"loc":{"start":{"line":100,"column":46},"end":{"line":125,"column":3}},"line":100},"11":{"name":"(anonymous_11)","decl":{"start":{"line":101,"column":35},"end":{"line":101,"column":36}},"loc":{"start":{"line":101,"column":45},"end":{"line":101,"column":66}},"line":101},"12":{"name":"(anonymous_12)","decl":{"start":{"line":104,"column":12},"end":{"line":104,"column":13}},"loc":{"start":{"line":104,"column":26},"end":{"line":104,"column":74}},"line":104},"13":{"name":"(anonymous_13)","decl":{"start":{"line":104,"column":42},"end":{"line":104,"column":43}},"loc":{"start":{"line":104,"column":52},"end":{"line":104,"column":73}},"line":104},"14":{"name":"(anonymous_14)","decl":{"start":{"line":106,"column":16},"end":{"line":106,"column":17}},"loc":{"start":{"line":107,"column":6},"end":{"line":111,"column":7}},"line":107},"15":{"name":"(anonymous_15)","decl":{"start":{"line":107,"column":23},"end":{"line":107,"column":24}},"loc":{"start":{"line":108,"column":8},"end":{"line":110,"column":16}},"line":108},"16":{"name":"(anonymous_16)","decl":{"start":{"line":118,"column":43},"end":{"line":118,"column":44}},"loc":{"start":{"line":118,"column":53},"end":{"line":118,"column":74}},"line":118},"17":{"name":"(anonymous_17)","decl":{"start":{"line":128,"column":20},"end":{"line":128,"column":21}},"loc":{"start":{"line":128,"column":31},"end":{"line":155,"column":3}},"line":128},"18":{"name":"(anonymous_18)","decl":{"start":{"line":139,"column":6},"end":{"line":139,"column":7}},"loc":{"start":{"line":139,"column":21},"end":{"line":139,"column":57}},"line":139},"19":{"name":"(anonymous_19)","decl":{"start":{"line":142,"column":35},"end":{"line":142,"column":36}},"loc":{"start":{"line":142,"column":50},"end":{"line":142,"column":73}},"line":142},"20":{"name":"(anonymous_20)","decl":{"start":{"line":146,"column":8},"end":{"line":146,"column":9}},"loc":{"start":{"line":147,"column":10},"end":{"line":147,"column":88}},"line":147},"21":{"name":"(anonymous_21)","decl":{"start":{"line":157,"column":33},"end":{"line":157,"column":34}},"loc":{"start":{"line":157,"column":39},"end":{"line":173,"column":3}},"line":157},"22":{"name":"(anonymous_22)","decl":{"start":{"line":176,"column":43},"end":{"line":176,"column":44}},"loc":{"start":{"line":177,"column":4},"end":{"line":177,"column":61}},"line":177},"23":{"name":"(anonymous_23)","decl":{"start":{"line":207,"column":36},"end":{"line":207,"column":37}},"loc":{"start":{"line":208,"column":16},"end":{"line":212,"column":18}},"line":208},"24":{"name":"(anonymous_24)","decl":{"start":{"line":247,"column":28},"end":{"line":247,"column":29}},"loc":{"start":{"line":247,"column":34},"end":{"line":250,"column":19}},"line":247},"25":{"name":"(anonymous_25)","decl":{"start":{"line":261,"column":28},"end":{"line":261,"column":29}},"loc":{"start":{"line":261,"column":34},"end":{"line":264,"column":19}},"line":261},"26":{"name":"(anonymous_26)","decl":{"start":{"line":278,"column":30},"end":{"line":278,"column":31}},"loc":{"start":{"line":278,"column":37},"end":{"line":281,"column":21}},"line":278}},"branchMap":{"0":{"loc":{"start":{"line":11,"column":2},"end":{"line":13,"column":3}},"type":"if","locations":[{"start":{"line":11,"column":2},"end":{"line":13,"column":3}},{"start":{},"end":{}}],"line":11},"1":{"loc":{"start":{"line":11,"column":6},"end":{"line":11,"column":71}},"type":"binary-expr","locations":[{"start":{"line":11,"column":6},"end":{"line":11,"column":36}},{"start":{"line":11,"column":40},"end":{"line":11,"column":71}}],"line":11},"2":{"loc":{"start":{"line":14,"column":2},"end":{"line":19,"column":3}},"type":"if","locations":[{"start":{"line":14,"column":2},"end":{"line":19,"column":3}},{"start":{},"end":{}}],"line":14},"3":{"loc":{"start":{"line":16,"column":4},"end":{"line":18,"column":5}},"type":"if","locations":[{"start":{"line":16,"column":4},"end":{"line":18,"column":5}},{"start":{},"end":{}}],"line":16},"4":{"loc":{"start":{"line":16,"column":8},"end":{"line":16,"column":40}},"type":"binary-expr","locations":[{"start":{"line":16,"column":8},"end":{"line":16,"column":12}},{"start":{"line":16,"column":16},"end":{"line":16,"column":24}},{"start":{"line":16,"column":28},"end":{"line":16,"column":40}}],"line":16},"5":{"loc":{"start":{"line":37,"column":4},"end":{"line":40,"column":5}},"type":"if","locations":[{"start":{"line":37,"column":4},"end":{"line":40,"column":5}},{"start":{},"end":{}}],"line":37},"6":{"loc":{"start":{"line":60,"column":4},"end":{"line":63,"column":5}},"type":"if","locations":[{"start":{"line":60,"column":4},"end":{"line":63,"column":5}},{"start":{},"end":{}}],"line":60},"7":{"loc":{"start":{"line":68,"column":6},"end":{"line":74,"column":7}},"type":"if","locations":[{"start":{"line":68,"column":6},"end":{"line":74,"column":7}},{"start":{},"end":{}}],"line":68},"8":{"loc":{"start":{"line":70,"column":10},"end":{"line":72,"column":18}},"type":"cond-expr","locations":[{"start":{"line":71,"column":14},"end":{"line":71,"column":62}},{"start":{"line":72,"column":14},"end":{"line":72,"column":18}}],"line":70},"9":{"loc":{"start":{"line":81,"column":8},"end":{"line":83,"column":16}},"type":"cond-expr","locations":[{"start":{"line":82,"column":12},"end":{"line":82,"column":52}},{"start":{"line":83,"column":12},"end":{"line":83,"column":16}}],"line":81},"10":{"loc":{"start":{"line":88,"column":4},"end":{"line":88,"column":23}},"type":"if","locations":[{"start":{"line":88,"column":4},"end":{"line":88,"column":23}},{"start":{},"end":{}}],"line":88},"11":{"loc":{"start":{"line":102,"column":4},"end":{"line":102,"column":30}},"type":"if","locations":[{"start":{"line":102,"column":4},"end":{"line":102,"column":30}},{"start":{},"end":{}}],"line":102},"12":{"loc":{"start":{"line":108,"column":8},"end":{"line":110,"column":16}},"type":"cond-expr","locations":[{"start":{"line":109,"column":12},"end":{"line":109,"column":76}},{"start":{"line":110,"column":12},"end":{"line":110,"column":16}}],"line":108},"13":{"loc":{"start":{"line":115,"column":4},"end":{"line":115,"column":23}},"type":"if","locations":[{"start":{"line":115,"column":4},"end":{"line":115,"column":23}},{"start":{},"end":{}}],"line":115},"14":{"loc":{"start":{"line":120,"column":19},"end":{"line":120,"column":48}},"type":"binary-expr","locations":[{"start":{"line":120,"column":19},"end":{"line":120,"column":43}},{"start":{"line":120,"column":47},"end":{"line":120,"column":48}}],"line":120},"15":{"loc":{"start":{"line":129,"column":4},"end":{"line":131,"column":5}},"type":"if","locations":[{"start":{"line":129,"column":4},"end":{"line":131,"column":5}},{"start":{},"end":{}}],"line":129},"16":{"loc":{"start":{"line":133,"column":4},"end":{"line":136,"column":5}},"type":"if","locations":[{"start":{"line":133,"column":4},"end":{"line":136,"column":5}},{"start":{},"end":{}}],"line":133},"17":{"loc":{"start":{"line":158,"column":4},"end":{"line":158,"column":25}},"type":"if","locations":[{"start":{"line":158,"column":4},"end":{"line":158,"column":25}},{"start":{},"end":{}}],"line":158},"18":{"loc":{"start":{"line":160,"column":4},"end":{"line":166,"column":5}},"type":"if","locations":[{"start":{"line":160,"column":4},"end":{"line":166,"column":5}},{"start":{},"end":{}}],"line":160},"19":{"loc":{"start":{"line":162,"column":6},"end":{"line":165,"column":7}},"type":"if","locations":[{"start":{"line":162,"column":6},"end":{"line":165,"column":7}},{"start":{},"end":{}}],"line":162},"20":{"loc":{"start":{"line":162,"column":10},"end":{"line":162,"column":39}},"type":"binary-expr","locations":[{"start":{"line":162,"column":10},"end":{"line":162,"column":15}},{"start":{"line":162,"column":19},"end":{"line":162,"column":39}}],"line":162},"21":{"loc":{"start":{"line":227,"column":7},"end":{"line":306,"column":7}},"type":"binary-expr","locations":[{"start":{"line":227,"column":7},"end":{"line":227,"column":14}},{"start":{"line":228,"column":8},"end":{"line":305,"column":14}}],"line":227},"22":{"loc":{"start":{"line":269,"column":15},"end":{"line":290,"column":15}},"type":"binary-expr","locations":[{"start":{"line":269,"column":15},"end":{"line":269,"column":39}},{"start":{"line":270,"column":16},"end":{"line":289,"column":22}}],"line":269},"23":{"loc":{"start":{"line":287,"column":40},"end":{"line":287,"column":55}},"type":"binary-expr","locations":[{"start":{"line":287,"column":40},"end":{"line":287,"column":50}},{"start":{"line":287,"column":54},"end":{"line":287,"column":55}}],"line":287},"24":{"loc":{"start":{"line":293,"column":13},"end":{"line":295,"column":13}},"type":"binary-expr","locations":[{"start":{"line":293,"column":13},"end":{"line":293,"column":25}},{"start":{"line":294,"column":14},"end":{"line":294,"column":73}}],"line":293}},"s":{"0":1,"1":1,"2":1,"3":0,"4":0,"5":0,"6":0,"7":0,"8":1,"9":12,"10":12,"11":12,"12":12,"13":12,"14":12,"15":12,"16":12,"17":4,"18":0,"19":0,"20":4,"21":4,"22":4,"23":0,"24":0,"25":12,"26":4,"27":12,"28":2,"29":0,"30":0,"31":2,"32":2,"33":0,"34":2,"35":0,"36":0,"37":2,"38":2,"39":2,"40":4,"41":2,"42":0,"43":2,"44":2,"45":0,"46":12,"47":1,"48":1,"49":1,"50":0,"51":1,"52":1,"53":1,"54":1,"55":1,"56":2,"57":1,"58":0,"59":1,"60":1,"61":1,"62":1,"63":0,"64":12,"65":0,"66":0,"67":0,"68":0,"69":0,"70":0,"71":0,"72":0,"73":0,"74":0,"75":0,"76":0,"77":0,"78":0,"79":0,"80":12,"81":0,"82":0,"83":0,"84":0,"85":0,"86":0,"87":0,"88":0,"89":0,"90":0,"91":0,"92":0,"93":12,"94":16,"95":12,"96":15,"97":0,"98":0,"99":0,"100":0,"101":0,"102":0},"f":{"0":1,"1":12,"2":4,"3":4,"4":2,"5":2,"6":0,"7":0,"8":2,"9":4,"10":1,"11":1,"12":1,"13":1,"14":1,"15":2,"16":1,"17":0,"18":0,"19":0,"20":0,"21":0,"22":16,"23":15,"24":0,"25":0,"26":0},"b":{"0":[1,0],"1":[1,1],"2":[0,0],"3":[0,0],"4":[0,0,0],"5":[0,4],"6":[0,2],"7":[0,2],"8":[0,0],"9":[2,2],"10":[0,2],"11":[0,1],"12":[1,1],"13":[0,1],"14":[1,0],"15":[0,0],"16":[0,0],"17":[0,0],"18":[0,0],"19":[0,0],"20":[0,0],"21":[12,0],"22":[0,0],"23":[0,0],"24":[0,0]},"_coverageSchema":"1a1c01bbd47fc00a2c39e90264f33305004495a9","hash":"925af945111c9f2d59486d32641ab03c02135fb8"}
,"/home/philip-simiyu/Desktop/School/fineday-shop/src/services/api.js": {"path":"/home/philip-simiyu/Desktop/School/fineday-shop/src/services/api.js","statementMap":{"0":{"start":{"line":3,"column":25},"end":{"line":16,"column":1}},"1":{"start":{"line":4,"column":2},"end":{"line":6,"column":3}},"2":{"start":{"line":5,"column":4},"end":{"line":5,"column":16}},"3":{"start":{"line":8,"column":2},"end":{"line":13,"column":3}},"4":{"start":{"line":9,"column":17},"end":{"line":9,"column":52}},"5":{"start":{"line":10,"column":4},"end":{"line":12,"column":5}},"6":{"start":{"line":11,"column":6},"end":{"line":11,"column":18}},"7":{"start":{"line":15,"column":2},"end":{"line":15,"column":15}},"8":{"start":{"line":18,"column":22},"end":{"line":18,"column":40}},"9":{"start":{"line":20,"column":12},"end":{"line":23,"column":2}}},"fnMap":{"0":{"name":"(anonymous_0)","decl":{"start":{"line":3,"column":25},"end":{"line":3,"column":26}},"loc":{"start":{"line":3,"column":31},"end":{"line":16,"column":1}},"line":3}},"branchMap":{"0":{"loc":{"start":{"line":4,"column":2},"end":{"line":6,"column":3}},"type":"if","locations":[{"start":{"line":4,"column":2},"end":{"line":6,"column":3}},{"start":{},"end":{}}],"line":4},"1":{"loc":{"start":{"line":4,"column":6},"end":{"line":4,"column":71}},"type":"binary-expr","locations":[{"start":{"line":4,"column":6},"end":{"line":4,"column":36}},{"start":{"line":4,"column":40},"end":{"line":4,"column":71}}],"line":4},"2":{"loc":{"start":{"line":8,"column":2},"end":{"line":13,"column":3}},"type":"if","locations":[{"start":{"line":8,"column":2},"end":{"line":13,"column":3}},{"start":{},"end":{}}],"line":8},"3":{"loc":{"start":{"line":10,"column":4},"end":{"line":12,"column":5}},"type":"if","locations":[{"start":{"line":10,"column":4},"end":{"line":12,"column":5}},{"start":{},"end":{}}],"line":10},"4":{"loc":{"start":{"line":10,"column":8},"end":{"line":10,"column":40}},"type":"binary-expr","locations":[{"start":{"line":10,"column":8},"end":{"line":10,"column":12}},{"start":{"line":10,"column":16},"end":{"line":10,"column":24}},{"start":{"line":10,"column":28},"end":{"line":10,"column":40}}],"line":10},"5":{"loc":{"start":{"line":22,"column":11},"end":{"line":22,"column":55}},"type":"cond-expr","locations":[{"start":{"line":22,"column":27},"end":{"line":22,"column":50}},{"start":{"line":22,"column":53},"end":{"line":22,"column":55}}],"line":22}},"s":{"0":1,"1":1,"2":1,"3":0,"4":0,"5":0,"6":0,"7":0,"8":1,"9":1},"f":{"0":1},"b":{"0":[1,0],"1":[1,1],"2":[0,0],"3":[0,0],"4":[0,0,0],"5":[1,0]},"_coverageSchema":"1a1c01bbd47fc00a2c39e90264f33305004495a9","hash":"8d3cb4755049d772677839c654eb4f5ae544b17c"}
}
