{"/home/philip-simiyu/Desktop/School/fineday-shop/src/components/Cart.jsx": {"path":"/home/philip-simiyu/Desktop/School/fineday-shop/src/components/Cart.jsx","statementMap":{"0":{"start":{"line":9,"column":4},"end":{"line":20,"column":5}},"1":{"start":{"line":13,"column":8},"end":{"line":17,"column":9}},"2":{"start":{"line":22,"column":2},"end":{"line":122,"column":4}},"3":{"start":{"line":33,"column":51},"end":{"line":33,"column":74}},"4":{"start":{"line":48,"column":10},"end":{"line":95,"column":16}},"5":{"start":{"line":60,"column":18},"end":{"line":60,"column":41}},"6":{"start":{"line":61,"column":18},"end":{"line":61,"column":42}},"7":{"start":{"line":62,"column":18},"end":{"line":62,"column":42}},"8":{"start":{"line":112,"column":10},"end":{"line":112,"column":33}},"9":{"start":{"line":113,"column":10},"end":{"line":113,"column":34}},"10":{"start":{"line":114,"column":10},"end":{"line":114,"column":27}}},"fnMap":{"0":{"name":"Cart","decl":{"start":{"line":1,"column":9},"end":{"line":1,"column":13}},"loc":{"start":{"line":5,"column":3},"end":{"line":123,"column":1}},"line":5},"1":{"name":"(anonymous_1)","decl":{"start":{"line":11,"column":6},"end":{"line":11,"column":7}},"loc":{"start":{"line":13,"column":8},"end":{"line":17,"column":9}},"line":13},"2":{"name":"(anonymous_2)","decl":{"start":{"line":33,"column":36},"end":{"line":33,"column":37}},"loc":{"start":{"line":33,"column":51},"end":{"line":33,"column":74}},"line":33},"3":{"name":"(anonymous_3)","decl":{"start":{"line":46,"column":17},"end":{"line":46,"column":18}},"loc":{"start":{"line":48,"column":10},"end":{"line":95,"column":16}},"line":48},"4":{"name":"(anonymous_4)","decl":{"start":{"line":59,"column":25},"end":{"line":59,"column":26}},"loc":{"start":{"line":59,"column":36},"end":{"line":63,"column":17}},"line":59},"5":{"name":"(anonymous_5)","decl":{"start":{"line":111,"column":17},"end":{"line":111,"column":18}},"loc":{"start":{"line":111,"column":28},"end":{"line":115,"column":9}},"line":111}},"branchMap":{"0":{"loc":{"start":{"line":31,"column":7},"end":{"line":35,"column":7}},"type":"binary-expr","locations":[{"start":{"line":31,"column":7},"end":{"line":31,"column":22}},{"start":{"line":32,"column":8},"end":{"line":34,"column":12}}],"line":31},"1":{"loc":{"start":{"line":38,"column":7},"end":{"line":97,"column":7}},"type":"cond-expr","locations":[{"start":{"line":40,"column":8},"end":{"line":42,"column":12}},{"start":{"line":46,"column":8},"end":{"line":96,"column":10}}],"line":38}},"s":{"0":4,"1":6,"2":4,"3":6,"4":6,"5":1,"6":1,"7":1,"8":1,"9":1,"10":1},"f":{"0":4,"1":6,"2":6,"3":6,"4":1,"5":1},"b":{"0":[4,3],"1":[1,3]},"_coverageSchema":"1a1c01bbd47fc00a2c39e90264f33305004495a9","hash":"a1b811052a68dcc6a88f1c7fd7900cccf7da7827"}
,"/home/philip-simiyu/Desktop/School/fineday-shop/src/components/ProductCard.jsx": {"path":"/home/philip-simiyu/Desktop/School/fineday-shop/src/components/ProductCard.jsx","statementMap":{"0":{"start":{"line":2,"column":1},"end":{"line":78,"column":2}},"1":{"start":{"line":59,"column":10},"end":{"line":59,"column":33}},"2":{"start":{"line":60,"column":10},"end":{"line":60,"column":34}},"3":{"start":{"line":61,"column":10},"end":{"line":61,"column":29}}},"fnMap":{"0":{"name":"ProductCard","decl":{"start":{"line":1,"column":9},"end":{"line":1,"column":20}},"loc":{"start":{"line":1,"column":45},"end":{"line":79,"column":1}},"line":1},"1":{"name":"(anonymous_1)","decl":{"start":{"line":58,"column":17},"end":{"line":58,"column":18}},"loc":{"start":{"line":58,"column":28},"end":{"line":62,"column":9}},"line":58}},"branchMap":{"0":{"loc":{"start":{"line":65,"column":10},"end":{"line":67,"column":46}},"type":"cond-expr","locations":[{"start":{"line":66,"column":14},"end":{"line":66,"column":63}},{"start":{"line":67,"column":14},"end":{"line":67,"column":46}}],"line":65},"1":{"loc":{"start":{"line":70,"column":9},"end":{"line":72,"column":26}},"type":"cond-expr","locations":[{"start":{"line":71,"column":12},"end":{"line":71,"column":25}},{"start":{"line":72,"column":12},"end":{"line":72,"column":26}}],"line":70}},"s":{"0":3,"1":1,"2":1,"3":1},"f":{"0":3,"1":1},"b":{"0":[2,1],"1":[2,1]},"_coverageSchema":"1a1c01bbd47fc00a2c39e90264f33305004495a9","hash":"bba8df1d8430e10bf865d1128637fe06f5c80033"}
,"/home/philip-simiyu/Desktop/School/fineday-shop/src/components/SearchBar.jsx": {"path":"/home/philip-simiyu/Desktop/School/fineday-shop/src/components/SearchBar.jsx","statementMap":{"0":{"start":{"line":6,"column":2},"end":{"line":16,"column":4}},"1":{"start":{"line":12,"column":8},"end":{"line":12,"column":33}}},"fnMap":{"0":{"name":"SearchBar","decl":{"start":{"line":1,"column":9},"end":{"line":1,"column":18}},"loc":{"start":{"line":4,"column":3},"end":{"line":17,"column":1}},"line":4},"1":{"name":"(anonymous_1)","decl":{"start":{"line":11,"column":16},"end":{"line":11,"column":17}},"loc":{"start":{"line":12,"column":8},"end":{"line":12,"column":33}},"line":12}},"branchMap":{},"s":{"0":1,"1":1},"f":{"0":1,"1":1},"b":{},"_coverageSchema":"1a1c01bbd47fc00a2c39e90264f33305004495a9","hash":"df72cfcd86e3966a667dce14a4df5dc35f6ea836"}
}
