TN:
SF:src/components/Cart.jsx
FN:1,Cart
FN:11,(anonymous_1)
FN:33,(anonymous_2)
FN:46,(anonymous_3)
FN:59,(anonymous_4)
FN:111,(anonymous_5)
FNF:6
FNH:6
FNDA:16,Cart
FNDA:8,(anonymous_1)
FNDA:8,(anonymous_2)
FNDA:8,(anonymous_3)
FNDA:2,(anonymous_4)
FNDA:1,(anonymous_5)
DA:9,16
DA:13,8
DA:22,16
DA:33,8
DA:48,8
DA:60,2
DA:61,2
DA:62,2
DA:112,1
DA:113,1
DA:114,1
LF:11
LH:11
BRDA:31,0,0,16
BRDA:31,0,1,5
BRDA:38,1,0,11
BRDA:38,1,1,5
BRF:4
BRH:4
end_of_record
TN:
SF:src/components/ProductCard.jsx
FN:1,ProductCard
FN:58,(anonymous_1)
FNF:2
FNH:2
FNDA:18,ProductCard
FNDA:3,(anonymous_1)
DA:2,18
DA:59,3
DA:60,3
DA:61,3
LF:4
LH:4
BRDA:65,0,0,17
BRDA:65,0,1,1
BRDA:70,1,0,17
BRDA:70,1,1,1
BRF:4
BRH:4
end_of_record
TN:
SF:src/components/SearchBar.jsx
FN:1,SearchBar
FN:11,(anonymous_1)
FNF:2
FNH:2
FNDA:13,SearchBar
FNDA:2,(anonymous_1)
DA:6,13
DA:12,2
LF:2
LH:2
BRF:0
BRH:0
end_of_record
TN:
SF:src/pages/Products.jsx
FN:9,Products
FN:19,(anonymous_1)
FN:35,(anonymous_2)
FN:54,(anonymous_3)
FN:59,(anonymous_4)
FN:66,(anonymous_5)
FN:67,(anonymous_6)
FN:69,(anonymous_7)
FN:79,(anonymous_8)
FN:80,(anonymous_9)
FN:100,(anonymous_10)
FN:101,(anonymous_11)
FN:104,(anonymous_12)
FN:104,(anonymous_13)
FN:106,(anonymous_14)
FN:107,(anonymous_15)
FN:117,(anonymous_16)
FN:128,(anonymous_17)
FN:139,(anonymous_18)
FN:142,(anonymous_19)
FN:146,(anonymous_20)
FN:157,(anonymous_21)
FN:176,(anonymous_22)
FN:207,(anonymous_23)
FN:247,(anonymous_24)
FN:261,(anonymous_25)
FN:278,(anonymous_26)
FNF:27
FNH:17
FNDA:12,Products
FNDA:12,(anonymous_1)
FNDA:4,(anonymous_2)
FNDA:4,(anonymous_3)
FNDA:2,(anonymous_4)
FNDA:2,(anonymous_5)
FNDA:0,(anonymous_6)
FNDA:0,(anonymous_7)
FNDA:2,(anonymous_8)
FNDA:4,(anonymous_9)
FNDA:1,(anonymous_10)
FNDA:1,(anonymous_11)
FNDA:1,(anonymous_12)
FNDA:1,(anonymous_13)
FNDA:1,(anonymous_14)
FNDA:2,(anonymous_15)
FNDA:1,(anonymous_16)
FNDA:0,(anonymous_17)
FNDA:0,(anonymous_18)
FNDA:0,(anonymous_19)
FNDA:0,(anonymous_20)
FNDA:0,(anonymous_21)
FNDA:16,(anonymous_22)
FNDA:15,(anonymous_23)
FNDA:0,(anonymous_24)
FNDA:0,(anonymous_25)
FNDA:0,(anonymous_26)
DA:10,12
DA:11,12
DA:12,12
DA:13,12
DA:14,12
DA:15,12
DA:16,12
DA:19,12
DA:20,12
DA:21,12
DA:23,0
DA:24,0
DA:25,0
DA:26,0
DA:29,0
DA:32,12
DA:35,12
DA:37,4
DA:38,0
DA:39,0
DA:43,4
DA:44,4
DA:45,4
DA:47,0
DA:50,0
DA:54,12
DA:55,4
DA:59,12
DA:60,2
DA:61,0
DA:62,0
DA:66,2
DA:67,2
DA:68,2
DA:69,0
DA:70,0
DA:75,2
DA:79,2
DA:80,2
DA:81,4
DA:88,2
DA:89,2
DA:90,2
DA:94,0
DA:100,12
DA:101,1
DA:102,1
DA:104,1
DA:106,1
DA:107,1
DA:108,2
DA:115,1
DA:116,1
DA:117,1
DA:118,1
DA:122,0
DA:128,12
DA:129,0
DA:130,0
DA:133,0
DA:134,0
DA:135,0
DA:138,0
DA:139,0
DA:142,0
DA:144,0
DA:147,0
DA:151,0
DA:152,0
DA:153,0
DA:154,0
DA:157,12
DA:158,0
DA:160,0
DA:161,0
DA:162,0
DA:163,0
DA:164,0
DA:168,0
DA:169,0
DA:170,0
DA:171,0
DA:172,0
DA:176,12
DA:177,16
DA:180,12
DA:208,15
DA:248,0
DA:249,0
DA:262,0
DA:263,0
DA:279,0
DA:280,0
LF:93
LH:47
BRDA:20,0,0,12
BRDA:20,0,1,0
BRDA:20,1,0,12
BRDA:20,1,1,12
BRDA:23,2,0,0
BRDA:23,2,1,0
BRDA:25,3,0,0
BRDA:25,3,1,0
BRDA:25,4,0,0
BRDA:25,4,1,0
BRDA:25,4,2,0
BRDA:37,5,0,0
BRDA:37,5,1,4
BRDA:60,6,0,0
BRDA:60,6,1,2
BRDA:68,7,0,0
BRDA:68,7,1,2
BRDA:70,8,0,0
BRDA:70,8,1,0
BRDA:81,9,0,2
BRDA:81,9,1,2
BRDA:88,10,0,2
BRDA:88,10,1,0
BRDA:102,11,0,0
BRDA:102,11,1,1
BRDA:108,12,0,1
BRDA:108,12,1,1
BRDA:115,13,0,1
BRDA:115,13,1,0
BRDA:119,14,0,1
BRDA:119,14,1,0
BRDA:129,15,0,0
BRDA:129,15,1,0
BRDA:133,16,0,0
BRDA:133,16,1,0
BRDA:158,17,0,0
BRDA:158,17,1,0
BRDA:160,18,0,0
BRDA:160,18,1,0
BRDA:162,19,0,0
BRDA:162,19,1,0
BRDA:162,20,0,0
BRDA:162,20,1,0
BRDA:227,21,0,12
BRDA:227,21,1,0
BRDA:269,22,0,0
BRDA:269,22,1,0
BRDA:287,23,0,0
BRDA:287,23,1,0
BRDA:293,24,0,0
BRDA:293,24,1,0
BRF:51
BRH:15
end_of_record
TN:
SF:src/services/api.js
FN:3,(anonymous_0)
FNF:1
FNH:1
FNDA:1,(anonymous_0)
DA:3,1
DA:5,1
DA:6,1
DA:10,0
DA:11,0
DA:12,0
DA:13,0
DA:17,0
DA:20,1
DA:22,1
LF:10
LH:5
BRDA:5,0,0,1
BRDA:5,0,1,0
BRDA:5,1,0,1
BRDA:5,1,1,1
BRDA:10,2,0,0
BRDA:10,2,1,0
BRDA:12,3,0,0
BRDA:12,3,1,0
BRDA:12,4,0,0
BRDA:12,4,1,0
BRDA:12,4,2,0
BRDA:23,5,0,1
BRDA:23,5,1,0
BRF:13
BRH:4
end_of_record
