TN:
SF:src/components/Cart.jsx
FN:1,Cart
FN:11,(anonymous_1)
FN:33,(anonymous_2)
FN:46,(anonymous_3)
FN:59,(anonymous_4)
FN:111,(anonymous_5)
FNF:6
FNH:6
FNDA:16,Cart
FNDA:8,(anonymous_1)
FNDA:8,(anonymous_2)
FNDA:8,(anonymous_3)
FNDA:2,(anonymous_4)
FNDA:1,(anonymous_5)
DA:9,16
DA:13,8
DA:22,16
DA:33,8
DA:48,8
DA:60,2
DA:61,2
DA:62,2
DA:112,1
DA:113,1
DA:114,1
LF:11
LH:11
BRDA:31,0,0,16
BRDA:31,0,1,5
BRDA:38,1,0,11
BRDA:38,1,1,5
BRF:4
BRH:4
end_of_record
TN:
SF:src/components/ProductCard.jsx
FN:1,ProductCard
FN:58,(anonymous_1)
FNF:2
FNH:2
FNDA:18,ProductCard
FNDA:3,(anonymous_1)
DA:2,18
DA:59,3
DA:60,3
DA:61,3
LF:4
LH:4
BRDA:65,0,0,17
BRDA:65,0,1,1
BRDA:70,1,0,17
BRDA:70,1,1,1
BRF:4
BRH:4
end_of_record
TN:
SF:src/components/SearchBar.jsx
FN:1,SearchBar
FN:11,(anonymous_1)
FNF:2
FNH:2
FNDA:13,SearchBar
FNDA:2,(anonymous_1)
DA:6,13
DA:12,2
LF:2
LH:2
BRF:0
BRH:0
end_of_record
TN:
SF:src/pages/Products.jsx
FN:9,Products
FN:23,(anonymous_1)
FN:40,(anonymous_2)
FN:45,(anonymous_3)
FN:52,(anonymous_4)
FN:53,(anonymous_5)
FN:55,(anonymous_6)
FN:65,(anonymous_7)
FN:66,(anonymous_8)
FN:84,(anonymous_9)
FN:85,(anonymous_10)
FN:88,(anonymous_11)
FN:88,(anonymous_12)
FN:90,(anonymous_13)
FN:91,(anonymous_14)
FN:101,(anonymous_15)
FN:112,(anonymous_16)
FN:122,(anonymous_17)
FN:123,(anonymous_18)
FN:126,(anonymous_19)
FN:135,(anonymous_20)
FN:154,(anonymous_21)
FN:182,(anonymous_22)
FN:212,(anonymous_23)
FN:226,(anonymous_24)
FN:241,(anonymous_25)
FNF:26
FNH:16
FNDA:12,Products
FNDA:4,(anonymous_1)
FNDA:4,(anonymous_2)
FNDA:2,(anonymous_3)
FNDA:2,(anonymous_4)
FNDA:0,(anonymous_5)
FNDA:0,(anonymous_6)
FNDA:2,(anonymous_7)
FNDA:4,(anonymous_8)
FNDA:1,(anonymous_9)
FNDA:1,(anonymous_10)
FNDA:1,(anonymous_11)
FNDA:1,(anonymous_12)
FNDA:1,(anonymous_13)
FNDA:2,(anonymous_14)
FNDA:1,(anonymous_15)
FNDA:0,(anonymous_16)
FNDA:0,(anonymous_17)
FNDA:0,(anonymous_18)
FNDA:0,(anonymous_19)
FNDA:0,(anonymous_20)
FNDA:16,(anonymous_21)
FNDA:15,(anonymous_22)
FNDA:0,(anonymous_23)
FNDA:0,(anonymous_24)
FNDA:0,(anonymous_25)
DA:10,12
DA:11,12
DA:12,12
DA:13,12
DA:14,12
DA:15,12
DA:16,12
DA:19,12
DA:23,12
DA:25,4
DA:26,0
DA:27,0
DA:31,4
DA:32,4
DA:33,4
DA:35,0
DA:36,0
DA:40,12
DA:41,4
DA:45,12
DA:46,2
DA:47,0
DA:48,0
DA:52,2
DA:53,2
DA:54,2
DA:55,0
DA:56,0
DA:61,2
DA:65,2
DA:66,2
DA:67,4
DA:72,2
DA:73,2
DA:74,2
DA:78,0
DA:84,12
DA:85,1
DA:86,1
DA:88,1
DA:90,1
DA:91,1
DA:92,2
DA:99,1
DA:100,1
DA:101,1
DA:102,1
DA:106,0
DA:112,12
DA:113,0
DA:114,0
DA:117,0
DA:118,0
DA:119,0
DA:122,0
DA:123,0
DA:125,0
DA:126,0
DA:129,0
DA:130,0
DA:131,0
DA:132,0
DA:135,12
DA:136,0
DA:138,0
DA:139,0
DA:140,0
DA:141,0
DA:142,0
DA:146,0
DA:147,0
DA:148,0
DA:149,0
DA:150,0
DA:154,12
DA:155,16
DA:158,12
DA:183,15
DA:213,0
DA:214,0
DA:227,0
DA:228,0
DA:242,0
DA:243,0
LF:84
LH:44
BRDA:19,0,0,12
BRDA:19,0,1,12
BRDA:25,1,0,0
BRDA:25,1,1,4
BRDA:46,2,0,0
BRDA:46,2,1,2
BRDA:54,3,0,0
BRDA:54,3,1,2
BRDA:56,4,0,0
BRDA:56,4,1,0
BRDA:67,5,0,2
BRDA:67,5,1,2
BRDA:72,6,0,2
BRDA:72,6,1,0
BRDA:86,7,0,0
BRDA:86,7,1,1
BRDA:92,8,0,1
BRDA:92,8,1,1
BRDA:99,9,0,1
BRDA:99,9,1,0
BRDA:103,10,0,1
BRDA:103,10,1,0
BRDA:113,11,0,0
BRDA:113,11,1,0
BRDA:117,12,0,0
BRDA:117,12,1,0
BRDA:136,13,0,0
BRDA:136,13,1,0
BRDA:138,14,0,0
BRDA:138,14,1,0
BRDA:140,15,0,0
BRDA:140,15,1,0
BRDA:140,16,0,0
BRDA:140,16,1,0
BRDA:194,17,0,12
BRDA:194,17,1,0
BRDA:234,18,0,0
BRDA:234,18,1,0
BRDA:249,19,0,0
BRDA:249,19,1,0
BRDA:255,20,0,0
BRDA:255,20,1,0
BRF:42
BRH:14
end_of_record
TN:
SF:src/services/api.js
FNF:0
FNH:0
DA:4,1
DA:8,1
LF:2
LH:2
BRDA:4,0,0,1
BRDA:4,0,1,1
BRDA:4,0,2,0
BRDA:4,0,3,0
BRDA:4,0,4,0
BRDA:4,0,5,0
BRDA:9,1,0,1
BRDA:9,1,1,0
BRF:8
BRH:3
end_of_record
